[21:10:32] [ServerMain/INFO]: Environment: Environment[sessionHost=https://sessionserver.mojang.com, servicesHost=https://api.minecraftservices.com, name=PROD]
[21:10:34] [ServerMain/INFO]: Loaded 7 recipes
[21:10:34] [Server thread/INFO]: Starting minecraft server version 1.20.4
[21:10:34] [Server thread/INFO]: Loading properties
[21:10:35] [Server thread/INFO]: This server is running CraftBukkit version 4026-Spigot-c198da2-292ec79 (MC: 1.20.4) (Implementing API version 1.20.4-R0.1-SNAPSHOT)
[21:10:35] [Server thread/INFO]: Debug logging is disabled
[21:10:35] [Server thread/INFO]: Server Ping Player Sample Count: 12
[21:10:35] [Server thread/INFO]: Using 4 threads for Netty based IO
[21:10:35] [Server thread/INFO]: Default game type: SURVIVAL
[21:10:35] [Server thread/INFO]: Generating keypair
[21:10:35] [Server thread/INFO]: Starting Minecraft server on *:25565
[21:10:35] [Server thread/INFO]: Using default channel type
[21:10:35] [Server thread/INFO]: [ServerManager_v2] Loading ServerManager_v2 v1.0-SNAPSHOT
[21:10:35] [Server thread/INFO]: [PlaceholderAPI] Loading PlaceholderAPI v2.11.5
[21:10:35] [Server thread/INFO]: [ServerManager_v2] Enabling ServerManager_v2 v1.0-SNAPSHOT
[21:10:35] [Server thread/INFO]: [0;33;22m[[0;36;1mServerManager[0;33;22m]: [0;32;1mregistered ServerManager_v2 successfully![m
[21:10:35] [Server thread/WARN]: [ServerManager_v2] Could not save players.yml to plugins\ServerManager_v2\players.yml because players.yml already exists.
[21:10:35] [Server thread/WARN]: [ServerManager_v2] Could not save roles.yml to plugins\ServerManager_v2\roles.yml because roles.yml already exists.
[21:10:35] [Server thread/WARN]: [ServerManager_v2] Could not save warps.yml to plugins\ServerManager_v2\warps.yml because warps.yml already exists.
[21:10:35] [Server thread/WARN]: [ServerManager_v2] Could not save worlds.yml to plugins\ServerManager_v2\worlds.yml because worlds.yml already exists.
[21:10:35] [Server thread/INFO]: Preparing level "world"
[21:10:35] [Server thread/INFO]: -------- World Settings For [world] --------
[21:10:35] [Server thread/INFO]: View Distance: 10
[21:10:35] [Server thread/INFO]: Simulation Distance: 10
[21:10:35] [Server thread/INFO]: Allow Zombie Pigmen to spawn from portal blocks: true
[21:10:35] [Server thread/INFO]: Item Despawn Rate: 6000
[21:10:35] [Server thread/INFO]: Item Merge Radius: 2.5
[21:10:35] [Server thread/INFO]: Arrow Despawn Rate: 1200 Trident Respawn Rate:1200
[21:10:35] [Server thread/INFO]: Zombie Aggressive Towards Villager: true
[21:10:35] [Server thread/INFO]: Experience Merge Radius: 3.0
[21:10:35] [Server thread/INFO]: Mob Spawn Range: 6
[21:10:35] [Server thread/INFO]: Cactus Growth Modifier: 100%
[21:10:35] [Server thread/INFO]: Cane Growth Modifier: 100%
[21:10:35] [Server thread/INFO]: Melon Growth Modifier: 100%
[21:10:35] [Server thread/INFO]: Mushroom Growth Modifier: 100%
[21:10:35] [Server thread/INFO]: Pumpkin Growth Modifier: 100%
[21:10:35] [Server thread/INFO]: Sapling Growth Modifier: 100%
[21:10:35] [Server thread/INFO]: Beetroot Growth Modifier: 100%
[21:10:35] [Server thread/INFO]: Carrot Growth Modifier: 100%
[21:10:35] [Server thread/INFO]: Potato Growth Modifier: 100%
[21:10:35] [Server thread/INFO]: Wheat Growth Modifier: 100%
[21:10:35] [Server thread/INFO]: NetherWart Growth Modifier: 100%
[21:10:35] [Server thread/INFO]: Vine Growth Modifier: 100%
[21:10:35] [Server thread/INFO]: Cocoa Growth Modifier: 100%
[21:10:35] [Server thread/INFO]: Bamboo Growth Modifier: 100%
[21:10:35] [Server thread/INFO]: SweetBerry Growth Modifier: 100%
[21:10:35] [Server thread/INFO]: Kelp Growth Modifier: 100%
[21:10:35] [Server thread/INFO]: TwistingVines Growth Modifier: 100%
[21:10:35] [Server thread/INFO]: WeepingVines Growth Modifier: 100%
[21:10:35] [Server thread/INFO]: CaveVines Growth Modifier: 100%
[21:10:35] [Server thread/INFO]: Entity Tracking Range: Pl 48 / An 48 / Mo 48 / Mi 32 / Di 128 / Other 64
[21:10:35] [Server thread/INFO]: Entity Activation Range: An 32 / Mo 32 / Ra 48 / Mi 16 / Tiv true / Isa false
[21:10:35] [Server thread/INFO]: Hopper Transfer: 8 Hopper Check: 1 Hopper Amount: 1 Hopper Can Load Chunks: false
[21:10:35] [Server thread/INFO]: Custom Map Seeds:  Village: 10387312 Desert: 14357617 Igloo: 14357618 Jungle: 14357619 Swamp: 14357620 Monument: 10387313 Ocean: 14357621 Shipwreck: 165745295 End City: 10387313 Slime: 987234911 Nether: 30084232 Mansion: 10387319 Fossil: 14357921 Portal: 34222645
[21:10:35] [Server thread/INFO]: Max TNT Explosions: 100
[21:10:35] [Server thread/INFO]: Tile Max Tick Time: 50ms Entity max Tick Time: 50ms
[21:10:35] [Server thread/INFO]: Nerfing mobs spawned from spawners: false
[21:10:36] [Server thread/INFO]: -------- World Settings For [world_nether] --------
[21:10:36] [Server thread/INFO]: View Distance: 10
[21:10:36] [Server thread/INFO]: Simulation Distance: 10
[21:10:36] [Server thread/INFO]: Allow Zombie Pigmen to spawn from portal blocks: true
[21:10:36] [Server thread/INFO]: Item Despawn Rate: 6000
[21:10:36] [Server thread/INFO]: Item Merge Radius: 2.5
[21:10:36] [Server thread/INFO]: Arrow Despawn Rate: 1200 Trident Respawn Rate:1200
[21:10:36] [Server thread/INFO]: Zombie Aggressive Towards Villager: true
[21:10:36] [Server thread/INFO]: Experience Merge Radius: 3.0
[21:10:36] [Server thread/INFO]: Mob Spawn Range: 6
[21:10:36] [Server thread/INFO]: Cactus Growth Modifier: 100%
[21:10:36] [Server thread/INFO]: Cane Growth Modifier: 100%
[21:10:36] [Server thread/INFO]: Melon Growth Modifier: 100%
[21:10:36] [Server thread/INFO]: Mushroom Growth Modifier: 100%
[21:10:36] [Server thread/INFO]: Pumpkin Growth Modifier: 100%
[21:10:36] [Server thread/INFO]: Sapling Growth Modifier: 100%
[21:10:36] [Server thread/INFO]: Beetroot Growth Modifier: 100%
[21:10:36] [Server thread/INFO]: Carrot Growth Modifier: 100%
[21:10:36] [Server thread/INFO]: Potato Growth Modifier: 100%
[21:10:36] [Server thread/INFO]: Wheat Growth Modifier: 100%
[21:10:36] [Server thread/INFO]: NetherWart Growth Modifier: 100%
[21:10:36] [Server thread/INFO]: Vine Growth Modifier: 100%
[21:10:36] [Server thread/INFO]: Cocoa Growth Modifier: 100%
[21:10:36] [Server thread/INFO]: Bamboo Growth Modifier: 100%
[21:10:36] [Server thread/INFO]: SweetBerry Growth Modifier: 100%
[21:10:36] [Server thread/INFO]: Kelp Growth Modifier: 100%
[21:10:36] [Server thread/INFO]: TwistingVines Growth Modifier: 100%
[21:10:36] [Server thread/INFO]: WeepingVines Growth Modifier: 100%
[21:10:36] [Server thread/INFO]: CaveVines Growth Modifier: 100%
[21:10:36] [Server thread/INFO]: Entity Tracking Range: Pl 48 / An 48 / Mo 48 / Mi 32 / Di 128 / Other 64
[21:10:36] [Server thread/INFO]: Entity Activation Range: An 32 / Mo 32 / Ra 48 / Mi 16 / Tiv true / Isa false
[21:10:36] [Server thread/INFO]: Hopper Transfer: 8 Hopper Check: 1 Hopper Amount: 1 Hopper Can Load Chunks: false
[21:10:36] [Server thread/INFO]: Custom Map Seeds:  Village: 10387312 Desert: 14357617 Igloo: 14357618 Jungle: 14357619 Swamp: 14357620 Monument: 10387313 Ocean: 14357621 Shipwreck: 165745295 End City: 10387313 Slime: 987234911 Nether: 30084232 Mansion: 10387319 Fossil: 14357921 Portal: 34222645
[21:10:36] [Server thread/INFO]: Max TNT Explosions: 100
[21:10:36] [Server thread/INFO]: Tile Max Tick Time: 50ms Entity max Tick Time: 50ms
[21:10:36] [Server thread/INFO]: Nerfing mobs spawned from spawners: false
[21:10:36] [Server thread/INFO]: -------- World Settings For [world_the_end] --------
[21:10:36] [Server thread/INFO]: View Distance: 10
[21:10:36] [Server thread/INFO]: Simulation Distance: 10
[21:10:36] [Server thread/INFO]: Allow Zombie Pigmen to spawn from portal blocks: true
[21:10:36] [Server thread/INFO]: Item Despawn Rate: 6000
[21:10:36] [Server thread/INFO]: Item Merge Radius: 2.5
[21:10:36] [Server thread/INFO]: Arrow Despawn Rate: 1200 Trident Respawn Rate:1200
[21:10:36] [Server thread/INFO]: Zombie Aggressive Towards Villager: true
[21:10:36] [Server thread/INFO]: Experience Merge Radius: 3.0
[21:10:36] [Server thread/INFO]: Mob Spawn Range: 6
[21:10:36] [Server thread/INFO]: Cactus Growth Modifier: 100%
[21:10:36] [Server thread/INFO]: Cane Growth Modifier: 100%
[21:10:36] [Server thread/INFO]: Melon Growth Modifier: 100%
[21:10:36] [Server thread/INFO]: Mushroom Growth Modifier: 100%
[21:10:36] [Server thread/INFO]: Pumpkin Growth Modifier: 100%
[21:10:36] [Server thread/INFO]: Sapling Growth Modifier: 100%
[21:10:36] [Server thread/INFO]: Beetroot Growth Modifier: 100%
[21:10:36] [Server thread/INFO]: Carrot Growth Modifier: 100%
[21:10:36] [Server thread/INFO]: Potato Growth Modifier: 100%
[21:10:36] [Server thread/INFO]: Wheat Growth Modifier: 100%
[21:10:36] [Server thread/INFO]: NetherWart Growth Modifier: 100%
[21:10:36] [Server thread/INFO]: Vine Growth Modifier: 100%
[21:10:36] [Server thread/INFO]: Cocoa Growth Modifier: 100%
[21:10:36] [Server thread/INFO]: Bamboo Growth Modifier: 100%
[21:10:36] [Server thread/INFO]: SweetBerry Growth Modifier: 100%
[21:10:36] [Server thread/INFO]: Kelp Growth Modifier: 100%
[21:10:36] [Server thread/INFO]: TwistingVines Growth Modifier: 100%
[21:10:36] [Server thread/INFO]: WeepingVines Growth Modifier: 100%
[21:10:36] [Server thread/INFO]: CaveVines Growth Modifier: 100%
[21:10:36] [Server thread/INFO]: Entity Tracking Range: Pl 48 / An 48 / Mo 48 / Mi 32 / Di 128 / Other 64
[21:10:36] [Server thread/INFO]: Entity Activation Range: An 32 / Mo 32 / Ra 48 / Mi 16 / Tiv true / Isa false
[21:10:36] [Server thread/INFO]: Hopper Transfer: 8 Hopper Check: 1 Hopper Amount: 1 Hopper Can Load Chunks: false
[21:10:36] [Server thread/INFO]: Custom Map Seeds:  Village: 10387312 Desert: 14357617 Igloo: 14357618 Jungle: 14357619 Swamp: 14357620 Monument: 10387313 Ocean: 14357621 Shipwreck: 165745295 End City: 10387313 Slime: 987234911 Nether: 30084232 Mansion: 10387319 Fossil: 14357921 Portal: 34222645
[21:10:36] [Server thread/INFO]: Max TNT Explosions: 100
[21:10:36] [Server thread/INFO]: Tile Max Tick Time: 50ms Entity max Tick Time: 50ms
[21:10:36] [Server thread/INFO]: Nerfing mobs spawned from spawners: false
[21:10:36] [Server thread/INFO]: Preparing start region for dimension minecraft:overworld
[21:10:39] [Worker-Main-6/INFO]: Preparing spawn area: 0%
[21:10:39] [Worker-Main-6/INFO]: Preparing spawn area: 0%
[21:10:39] [Worker-Main-6/INFO]: Preparing spawn area: 0%
[21:10:39] [Worker-Main-18/INFO]: Preparing spawn area: 0%
[21:10:39] [Worker-Main-18/INFO]: Preparing spawn area: 0%
[21:10:39] [Worker-Main-4/INFO]: Preparing spawn area: 0%
[21:10:39] [Worker-Main-22/INFO]: Preparing spawn area: 5%
[21:10:39] [Server thread/INFO]: Time elapsed: 3354 ms
[21:10:39] [Server thread/INFO]: Preparing start region for dimension minecraft:the_nether
[21:10:41] [Worker-Main-6/INFO]: Preparing spawn area: 0%
[21:10:41] [Worker-Main-6/INFO]: Preparing spawn area: 0%
[21:10:41] [Worker-Main-6/INFO]: Preparing spawn area: 0%
[21:10:41] [Worker-Main-6/INFO]: Preparing spawn area: 0%
[21:10:42] [Worker-Main-6/INFO]: Preparing spawn area: 0%
[21:10:42] [Worker-Main-7/INFO]: Preparing spawn area: 85%
[21:10:42] [Server thread/INFO]: Time elapsed: 2550 ms
[21:10:42] [Server thread/INFO]: Preparing start region for dimension minecraft:the_end
[21:10:44] [Worker-Main-18/INFO]: Preparing spawn area: 0%
[21:10:44] [Worker-Main-23/INFO]: Preparing spawn area: 0%
[21:10:44] [Worker-Main-23/INFO]: Preparing spawn area: 0%
[21:10:44] [Worker-Main-23/INFO]: Preparing spawn area: 0%
[21:10:44] [Worker-Main-22/INFO]: Preparing spawn area: 12%
[21:10:44] [Server thread/INFO]: Time elapsed: 2254 ms
[21:10:44] [Server thread/INFO]: [PlaceholderAPI] Enabling PlaceholderAPI v2.11.5
[21:10:45] [Server thread/INFO]: [PlaceholderAPI] Fetching available expansion information...
[21:10:45] [Server thread/INFO]: Server permissions file permissions.yml is empty, ignoring it
[21:10:45] [Server thread/INFO]: [PlaceholderAPI] Placeholder expansion registration initializing...
[21:10:45] [Server thread/INFO]: Done (9.148s)! For help, type "help"
[21:10:45] [Server thread/INFO]: [0;33;22m0 placeholder hook(s) registered![m
[21:10:57] [User Authenticator #1/INFO]: UUID of player SDRS is 8494006e-f1ac-4bf6-a270-411ef573df55
[21:10:57] [Server thread/ERROR]: Could not pass event PlayerJoinEvent to ServerManager_v2 v1.0-SNAPSHOT
org.bukkit.event.EventException: null
	at org.bukkit.plugin.java.JavaPluginLoader$1.execute(JavaPluginLoader.java:310) ~[spigot-api-1.20.4-R0.1-SNAPSHOT.jar:?]
	at org.bukkit.plugin.RegisteredListener.callEvent(RegisteredListener.java:70) ~[spigot-api-1.20.4-R0.1-SNAPSHOT.jar:?]
	at org.bukkit.plugin.SimplePluginManager.fireEvent(SimplePluginManager.java:589) ~[spigot-api-1.20.4-R0.1-SNAPSHOT.jar:?]
	at org.bukkit.plugin.SimplePluginManager.callEvent(SimplePluginManager.java:576) ~[spigot-api-1.20.4-R0.1-SNAPSHOT.jar:?]
	at net.minecraft.server.players.PlayerList.a(PlayerList.java:294) ~[spigot-1.20.4-R0.1-SNAPSHOT.jar:4026-Spigot-c198da2-292ec79]
	at net.minecraft.server.network.ServerConfigurationPacketListenerImpl.a(ServerConfigurationPacketListenerImpl.java:129) ~[spigot-1.20.4-R0.1-SNAPSHOT.jar:4026-Spigot-c198da2-292ec79]
	at net.minecraft.network.protocol.configuration.ServerboundFinishConfigurationPacket.a(SourceFile:20) ~[spigot-1.20.4-R0.1-SNAPSHOT.jar:4026-Spigot-c198da2-292ec79]
	at net.minecraft.network.protocol.configuration.ServerboundFinishConfigurationPacket.a(SourceFile:7) ~[spigot-1.20.4-R0.1-SNAPSHOT.jar:4026-Spigot-c198da2-292ec79]
	at net.minecraft.network.protocol.PlayerConnectionUtils.lambda$0(PlayerConnectionUtils.java:33) ~[spigot-1.20.4-R0.1-SNAPSHOT.jar:4026-Spigot-c198da2-292ec79]
	at net.minecraft.server.TickTask.run(SourceFile:18) ~[spigot-1.20.4-R0.1-SNAPSHOT.jar:4026-Spigot-c198da2-292ec79]
	at net.minecraft.util.thread.IAsyncTaskHandler.d(SourceFile:156) ~[spigot-1.20.4-R0.1-SNAPSHOT.jar:4026-Spigot-c198da2-292ec79]
	at net.minecraft.util.thread.IAsyncTaskHandlerReentrant.d(SourceFile:23) ~[spigot-1.20.4-R0.1-SNAPSHOT.jar:4026-Spigot-c198da2-292ec79]
	at net.minecraft.server.MinecraftServer.b(MinecraftServer.java:1191) ~[spigot-1.20.4-R0.1-SNAPSHOT.jar:4026-Spigot-c198da2-292ec79]
	at net.minecraft.server.MinecraftServer.d(MinecraftServer.java:1) ~[spigot-1.20.4-R0.1-SNAPSHOT.jar:4026-Spigot-c198da2-292ec79]
	at net.minecraft.util.thread.IAsyncTaskHandler.x(SourceFile:130) ~[spigot-1.20.4-R0.1-SNAPSHOT.jar:4026-Spigot-c198da2-292ec79]
	at net.minecraft.server.MinecraftServer.bl(MinecraftServer.java:1170) ~[spigot-1.20.4-R0.1-SNAPSHOT.jar:4026-Spigot-c198da2-292ec79]
	at net.minecraft.server.MinecraftServer.x(MinecraftServer.java:1163) ~[spigot-1.20.4-R0.1-SNAPSHOT.jar:4026-Spigot-c198da2-292ec79]
	at net.minecraft.util.thread.IAsyncTaskHandler.c(SourceFile:139) ~[spigot-1.20.4-R0.1-SNAPSHOT.jar:4026-Spigot-c198da2-292ec79]
	at net.minecraft.server.MinecraftServer.w_(MinecraftServer.java:1147) ~[spigot-1.20.4-R0.1-SNAPSHOT.jar:4026-Spigot-c198da2-292ec79]
	at net.minecraft.server.MinecraftServer.w(MinecraftServer.java:1060) ~[spigot-1.20.4-R0.1-SNAPSHOT.jar:4026-Spigot-c198da2-292ec79]
	at net.minecraft.server.MinecraftServer.lambda$0(MinecraftServer.java:304) ~[spigot-1.20.4-R0.1-SNAPSHOT.jar:4026-Spigot-c198da2-292ec79]
	at java.lang.Thread.run(Thread.java:833) ~[?:?]
Caused by: java.lang.ClassCastException: class java.util.ArrayList cannot be cast to class java.util.HashMap (java.util.ArrayList and java.util.HashMap are in module java.base of loader 'bootstrap')
	at de.sdrs.servermanager_v2.api.util.Config.<init>(Config.java:16) ~[?:?]
	at de.sdrs.servermanager_v2.api.SMAPI.config(SMAPI.java:80) ~[?:?]
	at de.sdrs.servermanager_v2.api.messages.Messages.PlayerMSG(Messages.java:22) ~[?:?]
	at de.sdrs.servermanager_v2.api.player.PlayerData.playerJoined(PlayerData.java:74) ~[?:?]
	at de.sdrs.servermanager_v2.plugin.eventListeners.JoinListener.onPlayerJoin(JoinListener.java:15) ~[?:?]
	at jdk.internal.reflect.NativeMethodAccessorImpl.invoke0(Native Method) ~[?:?]
	at jdk.internal.reflect.NativeMethodAccessorImpl.invoke(NativeMethodAccessorImpl.java:77) ~[?:?]
	at jdk.internal.reflect.DelegatingMethodAccessorImpl.invoke(DelegatingMethodAccessorImpl.java:43) ~[?:?]
	at java.lang.reflect.Method.invoke(Method.java:568) ~[?:?]
	at org.bukkit.plugin.java.JavaPluginLoader$1.execute(JavaPluginLoader.java:306) ~[spigot-api-1.20.4-R0.1-SNAPSHOT.jar:?]
	... 21 more
[21:10:57] [Server thread/INFO]: SDRS joined the game
[21:10:57] [Server thread/INFO]: SDRS[/127.0.0.1:49309] logged in with entity id 266 at ([world]9.77423280169651, 70.0, 19.210072901106834)
[21:11:37] [Server thread/INFO]: SDRS issued server command: /stop
[21:11:37] [Server thread/INFO]: [SDRS: Stopping the server]
[21:11:37] [Server thread/INFO]: Stopping server
[21:11:37] [Server thread/INFO]: [PlaceholderAPI] Disabling PlaceholderAPI v2.11.5
[21:11:37] [Server thread/INFO]: [ServerManager_v2] Disabling ServerManager_v2 v1.0-SNAPSHOT
[21:11:37] [Server thread/INFO]: Saving players
[21:11:37] [Server thread/INFO]: SDRS lost connection: Server closed
[21:11:37] [Server thread/INFO]: SDRS left the game.
[21:11:38] [Server thread/INFO]: Saving worlds
[21:11:39] [Server thread/INFO]: Saving chunks for level 'ServerLevel[world]'/minecraft:overworld
[21:11:40] [Server thread/INFO]: Saving chunks for level 'ServerLevel[world_nether]'/minecraft:the_nether
[21:11:40] [Server thread/INFO]: Saving chunks for level 'ServerLevel[world_the_end]'/minecraft:the_end
[21:11:40] [Server thread/INFO]: ThreadedAnvilChunkStorage (world): All chunks are saved
[21:11:40] [Server thread/INFO]: ThreadedAnvilChunkStorage (DIM-1): All chunks are saved
[21:11:40] [Server thread/INFO]: ThreadedAnvilChunkStorage (DIM1): All chunks are saved
[21:11:40] [Server thread/INFO]: ThreadedAnvilChunkStorage: All dimensions are saved
[21:12:03] [ServerMain/INFO]: Environment: Environment[sessionHost=https://sessionserver.mojang.com, servicesHost=https://api.minecraftservices.com, name=PROD]
[21:12:04] [ServerMain/INFO]: Loaded 7 recipes
[21:12:05] [Server thread/INFO]: Starting minecraft server version 1.20.4
[21:12:05] [Server thread/INFO]: Loading properties
[21:12:05] [Server thread/INFO]: This server is running CraftBukkit version 4026-Spigot-c198da2-292ec79 (MC: 1.20.4) (Implementing API version 1.20.4-R0.1-SNAPSHOT)
[21:12:05] [Server thread/INFO]: Debug logging is disabled
[21:12:05] [Server thread/INFO]: Server Ping Player Sample Count: 12
[21:12:05] [Server thread/INFO]: Using 4 threads for Netty based IO
[21:12:05] [Server thread/INFO]: Default game type: SURVIVAL
[21:12:05] [Server thread/INFO]: Generating keypair
[21:12:06] [Server thread/INFO]: Starting Minecraft server on *:25565
[21:12:06] [Server thread/INFO]: Using default channel type
[21:12:06] [Server thread/INFO]: [ServerManager_v2] Loading ServerManager_v2 v1.0-SNAPSHOT
[21:12:06] [Server thread/INFO]: [PlaceholderAPI] Loading PlaceholderAPI v2.11.5
[21:12:06] [Server thread/INFO]: [ServerManager_v2] Enabling ServerManager_v2 v1.0-SNAPSHOT
[21:12:06] [Server thread/INFO]: [0;33;22m[[0;36;1mServerManager[0;33;22m]: [0;32;1mregistered ServerManager_v2 successfully![m
[21:12:06] [Server thread/WARN]: [ServerManager_v2] Could not save players.yml to plugins\ServerManager_v2\players.yml because players.yml already exists.
[21:12:06] [Server thread/WARN]: [ServerManager_v2] Could not save roles.yml to plugins\ServerManager_v2\roles.yml because roles.yml already exists.
[21:12:06] [Server thread/WARN]: [ServerManager_v2] Could not save warps.yml to plugins\ServerManager_v2\warps.yml because warps.yml already exists.
[21:12:06] [Server thread/WARN]: [ServerManager_v2] Could not save worlds.yml to plugins\ServerManager_v2\worlds.yml because worlds.yml already exists.
[21:12:06] [Server thread/INFO]: Preparing level "world"
[21:12:06] [Server thread/INFO]: -------- World Settings For [world] --------
[21:12:06] [Server thread/INFO]: Allow Zombie Pigmen to spawn from portal blocks: true
[21:12:06] [Server thread/INFO]: Nerfing mobs spawned from spawners: false
[21:12:06] [Server thread/INFO]: View Distance: 10
[21:12:06] [Server thread/INFO]: Simulation Distance: 10
[21:12:06] [Server thread/INFO]: Item Despawn Rate: 6000
[21:12:06] [Server thread/INFO]: Item Merge Radius: 2.5
[21:12:06] [Server thread/INFO]: Zombie Aggressive Towards Villager: true
[21:12:06] [Server thread/INFO]: Arrow Despawn Rate: 1200 Trident Respawn Rate:1200
[21:12:06] [Server thread/INFO]: Mob Spawn Range: 6
[21:12:06] [Server thread/INFO]: Experience Merge Radius: 3.0
[21:12:06] [Server thread/INFO]: Cactus Growth Modifier: 100%
[21:12:06] [Server thread/INFO]: Cane Growth Modifier: 100%
[21:12:06] [Server thread/INFO]: Melon Growth Modifier: 100%
[21:12:06] [Server thread/INFO]: Mushroom Growth Modifier: 100%
[21:12:06] [Server thread/INFO]: Pumpkin Growth Modifier: 100%
[21:12:06] [Server thread/INFO]: Sapling Growth Modifier: 100%
[21:12:06] [Server thread/INFO]: Beetroot Growth Modifier: 100%
[21:12:06] [Server thread/INFO]: Carrot Growth Modifier: 100%
[21:12:06] [Server thread/INFO]: Potato Growth Modifier: 100%
[21:12:06] [Server thread/INFO]: Wheat Growth Modifier: 100%
[21:12:06] [Server thread/INFO]: NetherWart Growth Modifier: 100%
[21:12:06] [Server thread/INFO]: Vine Growth Modifier: 100%
[21:12:06] [Server thread/INFO]: Cocoa Growth Modifier: 100%
[21:12:06] [Server thread/INFO]: Bamboo Growth Modifier: 100%
[21:12:06] [Server thread/INFO]: SweetBerry Growth Modifier: 100%
[21:12:06] [Server thread/INFO]: Kelp Growth Modifier: 100%
[21:12:06] [Server thread/INFO]: TwistingVines Growth Modifier: 100%
[21:12:06] [Server thread/INFO]: WeepingVines Growth Modifier: 100%
[21:12:06] [Server thread/INFO]: CaveVines Growth Modifier: 100%
[21:12:06] [Server thread/INFO]: Entity Activation Range: An 32 / Mo 32 / Ra 48 / Mi 16 / Tiv true / Isa false
[21:12:06] [Server thread/INFO]: Entity Tracking Range: Pl 48 / An 48 / Mo 48 / Mi 32 / Di 128 / Other 64
[21:12:06] [Server thread/INFO]: Custom Map Seeds:  Village: 10387312 Desert: 14357617 Igloo: 14357618 Jungle: 14357619 Swamp: 14357620 Monument: 10387313 Ocean: 14357621 Shipwreck: 165745295 End City: 10387313 Slime: 987234911 Nether: 30084232 Mansion: 10387319 Fossil: 14357921 Portal: 34222645
[21:12:06] [Server thread/INFO]: Hopper Transfer: 8 Hopper Check: 1 Hopper Amount: 1 Hopper Can Load Chunks: false
[21:12:06] [Server thread/INFO]: Tile Max Tick Time: 50ms Entity max Tick Time: 50ms
[21:12:06] [Server thread/INFO]: Max TNT Explosions: 100
[21:12:06] [Server thread/INFO]: -------- World Settings For [world_nether] --------
[21:12:06] [Server thread/INFO]: Allow Zombie Pigmen to spawn from portal blocks: true
[21:12:06] [Server thread/INFO]: Nerfing mobs spawned from spawners: false
[21:12:06] [Server thread/INFO]: View Distance: 10
[21:12:06] [Server thread/INFO]: Simulation Distance: 10
[21:12:06] [Server thread/INFO]: Item Despawn Rate: 6000
[21:12:06] [Server thread/INFO]: Item Merge Radius: 2.5
[21:12:06] [Server thread/INFO]: Zombie Aggressive Towards Villager: true
[21:12:06] [Server thread/INFO]: Arrow Despawn Rate: 1200 Trident Respawn Rate:1200
[21:12:06] [Server thread/INFO]: Mob Spawn Range: 6
[21:12:06] [Server thread/INFO]: Experience Merge Radius: 3.0
[21:12:06] [Server thread/INFO]: Cactus Growth Modifier: 100%
[21:12:06] [Server thread/INFO]: Cane Growth Modifier: 100%
[21:12:06] [Server thread/INFO]: Melon Growth Modifier: 100%
[21:12:06] [Server thread/INFO]: Mushroom Growth Modifier: 100%
[21:12:06] [Server thread/INFO]: Pumpkin Growth Modifier: 100%
[21:12:06] [Server thread/INFO]: Sapling Growth Modifier: 100%
[21:12:06] [Server thread/INFO]: Beetroot Growth Modifier: 100%
[21:12:06] [Server thread/INFO]: Carrot Growth Modifier: 100%
[21:12:06] [Server thread/INFO]: Potato Growth Modifier: 100%
[21:12:06] [Server thread/INFO]: Wheat Growth Modifier: 100%
[21:12:06] [Server thread/INFO]: NetherWart Growth Modifier: 100%
[21:12:06] [Server thread/INFO]: Vine Growth Modifier: 100%
[21:12:06] [Server thread/INFO]: Cocoa Growth Modifier: 100%
[21:12:06] [Server thread/INFO]: Bamboo Growth Modifier: 100%
[21:12:06] [Server thread/INFO]: SweetBerry Growth Modifier: 100%
[21:12:06] [Server thread/INFO]: Kelp Growth Modifier: 100%
[21:12:06] [Server thread/INFO]: TwistingVines Growth Modifier: 100%
[21:12:06] [Server thread/INFO]: WeepingVines Growth Modifier: 100%
[21:12:06] [Server thread/INFO]: CaveVines Growth Modifier: 100%
[21:12:06] [Server thread/INFO]: Entity Activation Range: An 32 / Mo 32 / Ra 48 / Mi 16 / Tiv true / Isa false
[21:12:06] [Server thread/INFO]: Entity Tracking Range: Pl 48 / An 48 / Mo 48 / Mi 32 / Di 128 / Other 64
[21:12:06] [Server thread/INFO]: Custom Map Seeds:  Village: 10387312 Desert: 14357617 Igloo: 14357618 Jungle: 14357619 Swamp: 14357620 Monument: 10387313 Ocean: 14357621 Shipwreck: 165745295 End City: 10387313 Slime: 987234911 Nether: 30084232 Mansion: 10387319 Fossil: 14357921 Portal: 34222645
[21:12:06] [Server thread/INFO]: Hopper Transfer: 8 Hopper Check: 1 Hopper Amount: 1 Hopper Can Load Chunks: false
[21:12:06] [Server thread/INFO]: Tile Max Tick Time: 50ms Entity max Tick Time: 50ms
[21:12:06] [Server thread/INFO]: Max TNT Explosions: 100
[21:12:07] [Server thread/INFO]: -------- World Settings For [world_the_end] --------
[21:12:07] [Server thread/INFO]: Allow Zombie Pigmen to spawn from portal blocks: true
[21:12:07] [Server thread/INFO]: Nerfing mobs spawned from spawners: false
[21:12:07] [Server thread/INFO]: View Distance: 10
[21:12:07] [Server thread/INFO]: Simulation Distance: 10
[21:12:07] [Server thread/INFO]: Item Despawn Rate: 6000
[21:12:07] [Server thread/INFO]: Item Merge Radius: 2.5
[21:12:07] [Server thread/INFO]: Zombie Aggressive Towards Villager: true
[21:12:07] [Server thread/INFO]: Arrow Despawn Rate: 1200 Trident Respawn Rate:1200
[21:12:07] [Server thread/INFO]: Mob Spawn Range: 6
[21:12:07] [Server thread/INFO]: Experience Merge Radius: 3.0
[21:12:07] [Server thread/INFO]: Cactus Growth Modifier: 100%
[21:12:07] [Server thread/INFO]: Cane Growth Modifier: 100%
[21:12:07] [Server thread/INFO]: Melon Growth Modifier: 100%
[21:12:07] [Server thread/INFO]: Mushroom Growth Modifier: 100%
[21:12:07] [Server thread/INFO]: Pumpkin Growth Modifier: 100%
[21:12:07] [Server thread/INFO]: Sapling Growth Modifier: 100%
[21:12:07] [Server thread/INFO]: Beetroot Growth Modifier: 100%
[21:12:07] [Server thread/INFO]: Carrot Growth Modifier: 100%
[21:12:07] [Server thread/INFO]: Potato Growth Modifier: 100%
[21:12:07] [Server thread/INFO]: Wheat Growth Modifier: 100%
[21:12:07] [Server thread/INFO]: NetherWart Growth Modifier: 100%
[21:12:07] [Server thread/INFO]: Vine Growth Modifier: 100%
[21:12:07] [Server thread/INFO]: Cocoa Growth Modifier: 100%
[21:12:07] [Server thread/INFO]: Bamboo Growth Modifier: 100%
[21:12:07] [Server thread/INFO]: SweetBerry Growth Modifier: 100%
[21:12:07] [Server thread/INFO]: Kelp Growth Modifier: 100%
[21:12:07] [Server thread/INFO]: TwistingVines Growth Modifier: 100%
[21:12:07] [Server thread/INFO]: WeepingVines Growth Modifier: 100%
[21:12:07] [Server thread/INFO]: CaveVines Growth Modifier: 100%
[21:12:07] [Server thread/INFO]: Entity Activation Range: An 32 / Mo 32 / Ra 48 / Mi 16 / Tiv true / Isa false
[21:12:07] [Server thread/INFO]: Entity Tracking Range: Pl 48 / An 48 / Mo 48 / Mi 32 / Di 128 / Other 64
[21:12:07] [Server thread/INFO]: Custom Map Seeds:  Village: 10387312 Desert: 14357617 Igloo: 14357618 Jungle: 14357619 Swamp: 14357620 Monument: 10387313 Ocean: 14357621 Shipwreck: 165745295 End City: 10387313 Slime: 987234911 Nether: 30084232 Mansion: 10387319 Fossil: 14357921 Portal: 34222645
[21:12:07] [Server thread/INFO]: Hopper Transfer: 8 Hopper Check: 1 Hopper Amount: 1 Hopper Can Load Chunks: false
[21:12:07] [Server thread/INFO]: Tile Max Tick Time: 50ms Entity max Tick Time: 50ms
[21:12:07] [Server thread/INFO]: Max TNT Explosions: 100
[21:12:07] [Server thread/INFO]: Preparing start region for dimension minecraft:overworld
[21:12:09] [Worker-Main-18/INFO]: Preparing spawn area: 0%
[21:12:09] [Worker-Main-18/INFO]: Preparing spawn area: 0%
[21:12:09] [Worker-Main-18/INFO]: Preparing spawn area: 0%
[21:12:09] [Worker-Main-18/INFO]: Preparing spawn area: 0%
[21:12:09] [Worker-Main-18/INFO]: Preparing spawn area: 0%
[21:12:09] [Worker-Main-2/INFO]: Preparing spawn area: 0%
[21:12:10] [Worker-Main-18/INFO]: Preparing spawn area: 6%
[21:12:10] [Server thread/INFO]: Time elapsed: 3286 ms
[21:12:10] [Server thread/INFO]: Preparing start region for dimension minecraft:the_nether
[21:12:12] [Worker-Main-1/INFO]: Preparing spawn area: 0%
[21:12:12] [Worker-Main-1/INFO]: Preparing spawn area: 0%
[21:12:12] [Worker-Main-1/INFO]: Preparing spawn area: 0%
[21:12:12] [Worker-Main-4/INFO]: Preparing spawn area: 0%
[21:12:12] [Worker-Main-4/INFO]: Preparing spawn area: 0%
[21:12:12] [Worker-Main-10/INFO]: Preparing spawn area: 69%
[21:12:13] [Server thread/INFO]: Time elapsed: 2616 ms
[21:12:13] [Server thread/INFO]: Preparing start region for dimension minecraft:the_end
[21:12:14] [Worker-Main-18/INFO]: Preparing spawn area: 0%
[21:12:14] [Worker-Main-1/INFO]: Preparing spawn area: 0%
[21:12:14] [Worker-Main-1/INFO]: Preparing spawn area: 0%
[21:12:14] [Worker-Main-1/INFO]: Preparing spawn area: 0%
[21:12:15] [Worker-Main-3/INFO]: Preparing spawn area: 7%
[21:12:15] [Server thread/INFO]: Time elapsed: 2290 ms
[21:12:15] [Server thread/INFO]: [PlaceholderAPI] Enabling PlaceholderAPI v2.11.5
[21:12:15] [Server thread/INFO]: [PlaceholderAPI] Fetching available expansion information...
[21:12:15] [Server thread/INFO]: Server permissions file permissions.yml is empty, ignoring it
[21:12:15] [Server thread/INFO]: [PlaceholderAPI] Placeholder expansion registration initializing...
[21:12:15] [Server thread/INFO]: [0;33;22m0 placeholder hook(s) registered![m
[21:12:15] [Server thread/INFO]: Done (9.160s)! For help, type "help"
[21:12:20] [User Authenticator #1/INFO]: UUID of player SDRS is 8494006e-f1ac-4bf6-a270-411ef573df55
[21:12:21] [Server thread/WARN]: [ServerManager_v2] Loaded class me.clip.placeholderapi.PlaceholderAPI from PlaceholderAPI v2.11.5 which is not a depend or softdepend of this plugin.
[21:12:21] [Server thread/INFO]: %player_name% has joined the game
[21:12:21] [Server thread/INFO]: SDRS[/127.0.0.1:49351] logged in with entity id 263 at ([world]9.77423280169651, 70.0, 19.210072901106834)
[21:12:50] [Server thread/INFO]: SDRS issued server command: /papi list
[21:12:57] [Server thread/INFO]: SDRS issued server command: /papi bcparse
[21:13:07] [Server thread/INFO]: SDRS issued server command: /papi dump
[21:13:23] [Server thread/INFO]: SDRS issued server command: /papi ecloud download Player
[21:13:24] [placeholderapi-io-#1/INFO]: [PlaceholderAPI] Fetching available expansion information...
[21:13:30] [Server thread/INFO]: SDRS issued server command: /papi re
[21:13:33] [Server thread/INFO]: SDRS issued server command: /papi reload
[21:13:33] [Server thread/INFO]: [PlaceholderAPI] Placeholder expansion registration initializing...
[21:13:33] [Server thread/INFO]: [PlaceholderAPI] Fetching available expansion information...
[21:13:34] [Server thread/INFO]: [PlaceholderAPI] Successfully registered external expansion: player [2.0.8]
[21:13:38] [Server thread/INFO]: SDRS issued server command: /kill
[21:13:38] [Server thread/INFO]: SDRS was killed
[21:13:38] [Server thread/INFO]: [SDRS: Killed SDRS]
[21:13:43] [Server thread/INFO]: SDRS lost connection: Disconnected
[21:13:43] [Server thread/INFO]: SDRS left the game
[21:13:52] [User Authenticator #2/INFO]: UUID of player SDRS is 8494006e-f1ac-4bf6-a270-411ef573df55
[21:13:52] [Server thread/INFO]: SDRS has joined the game
[21:13:52] [Server thread/INFO]: SDRS[/127.0.0.1:49393] logged in with entity id 430 at ([world]7.5, 69.0, 26.5)
[21:14:09] [Server thread/INFO]: SDRS issued server command: /stop
[21:14:09] [Server thread/INFO]: [SDRS: Stopping the server]
[21:14:09] [Server thread/INFO]: Stopping server
[21:14:09] [Server thread/INFO]: [PlaceholderAPI] Disabling PlaceholderAPI v2.11.5
[21:14:09] [Server thread/INFO]: [ServerManager_v2] Disabling ServerManager_v2 v1.0-SNAPSHOT
[21:14:09] [Server thread/INFO]: Saving players
[21:14:09] [Server thread/INFO]: SDRS lost connection: Server closed
[21:14:09] [Server thread/INFO]: SDRS left the game.
[21:14:09] [Server thread/INFO]: Saving worlds
[21:14:10] [Server thread/INFO]: Saving chunks for level 'ServerLevel[world]'/minecraft:overworld
[21:14:11] [Server thread/INFO]: Saving chunks for level 'ServerLevel[world_nether]'/minecraft:the_nether
[21:14:11] [Server thread/INFO]: Saving chunks for level 'ServerLevel[world_the_end]'/minecraft:the_end
[21:14:11] [Server thread/INFO]: ThreadedAnvilChunkStorage (world): All chunks are saved
[21:14:11] [Server thread/INFO]: ThreadedAnvilChunkStorage (DIM-1): All chunks are saved
[21:14:11] [Server thread/INFO]: ThreadedAnvilChunkStorage (DIM1): All chunks are saved
[21:14:11] [Server thread/INFO]: ThreadedAnvilChunkStorage: All dimensions are saved
